2021-09-23 02:56:41,235 [Worker-8] INFO  o.e.m.c.i.l.LifecycleMappingFactory - Using org.eclipse.m2e.jdt.JarLifecycleMapping lifecycle mapping for MavenProject: MicroServices:HelloEurekaServer:0.0.1-SNAPSHOT @ C:\Users\Administrator\Desktop\Eureka\WebServices\pom.xml.
2021-09-23 02:56:53,454 [Worker-8] WARN  o.e.m.j.i.AbstractJavaProjectConfigurator - Could not determine source level, using default 1.5
2021-09-23 02:56:53,456 [Worker-8] WARN  o.e.m.j.i.AbstractJavaProjectConfigurator - Could not determine target level, using default 1.5
2021-09-23 02:56:56,892 [Worker-8] INFO  o.e.m.j.i.AbstractJavaProjectConfigurator - Adding source folder /WebServices/src/main/java
2021-09-23 02:56:56,894 [Worker-8] INFO  o.e.m.j.i.AbstractJavaProjectConfigurator - Adding resource folder /WebServices/src/main/resources
2021-09-23 02:56:56,912 [Worker-8] INFO  o.e.m.j.i.AbstractJavaProjectConfigurator - Adding resource folder /WebServices/src/main/resources
2021-09-23 02:56:56,931 [Worker-8] INFO  o.e.m.j.i.AbstractJavaProjectConfigurator - Adding source folder /WebServices/src/test/java
2021-09-23 02:56:59,631 [Worker-8] INFO  o.e.m.c.i.p.ProjectConfigurationManager - Imported and configured 1 project(s) in 28 sec
2021-09-23 02:57:04,873 [Worker-2] INFO  o.e.m.c.i.embedder.EclipseLogger - Using 'UTF-8' encoding to copy filtered resources.
2021-09-23 02:57:04,880 [Worker-2] INFO  o.e.m.c.i.embedder.EclipseLogger - Using 'UTF-8' encoding to copy filtered properties files.
2021-09-23 02:57:04,888 [Worker-2] INFO  o.e.m.c.i.embedder.EclipseLogger - Copying 1 resource
2021-09-23 02:57:04,955 [Worker-2] INFO  o.e.m.c.i.embedder.EclipseLogger - Copying 0 resource
2021-09-23 02:57:04,964 [Worker-2] INFO  o.e.m.c.i.embedder.EclipseLogger - Using 'UTF-8' encoding to copy filtered resources.
2021-09-23 02:57:04,964 [Worker-2] INFO  o.e.m.c.i.embedder.EclipseLogger - Using 'UTF-8' encoding to copy filtered properties files.
2021-09-23 02:57:04,964 [Worker-2] INFO  o.e.m.c.i.embedder.EclipseLogger - skip non existing resourceDirectory C:\Users\Administrator\Desktop\Eureka\WebServices\src\test\resources
2021-09-23 02:59:54,988 [Worker-3] INFO  o.e.m.c.i.embedder.EclipseLogger - Using 'UTF-8' encoding to copy filtered resources.
2021-09-23 02:59:54,989 [Worker-3] INFO  o.e.m.c.i.embedder.EclipseLogger - Using 'UTF-8' encoding to copy filtered properties files.
2021-09-23 02:59:54,998 [Worker-3] INFO  o.e.m.c.i.embedder.EclipseLogger - Copying 1 resource
2021-09-23 02:59:55,015 [Worker-3] INFO  o.e.m.c.i.embedder.EclipseLogger - Copying 0 resource
2021-09-23 02:59:55,019 [Worker-3] INFO  o.e.m.c.i.embedder.EclipseLogger - Using 'UTF-8' encoding to copy filtered resources.
2021-09-23 02:59:55,020 [Worker-3] INFO  o.e.m.c.i.embedder.EclipseLogger - Using 'UTF-8' encoding to copy filtered properties files.
2021-09-23 02:59:55,020 [Worker-3] INFO  o.e.m.c.i.embedder.EclipseLogger - skip non existing resourceDirectory C:\Users\Administrator\Desktop\Eureka\WebServices\src\test\resources
2021-09-23 04:25:21,645 [Worker-39] INFO  o.e.m.c.i.l.LifecycleMappingFactory - Using org.eclipse.m2e.jdt.JarLifecycleMapping lifecycle mapping for MavenProject: MicroServices:HelloEurekaServer:0.0.1-SNAPSHOT @ C:\Users\Administrator\Desktop\Eureka\WebServices\pom.xml.
2021-09-23 04:25:25,322 [Worker-39] INFO  o.e.m.c.i.embedder.EclipseLogger - Using 'UTF-8' encoding to copy filtered resources.
2021-09-23 04:25:25,322 [Worker-39] INFO  o.e.m.c.i.embedder.EclipseLogger - Using 'UTF-8' encoding to copy filtered properties files.
2021-09-23 04:25:25,329 [Worker-39] INFO  o.e.m.c.i.embedder.EclipseLogger - Copying 1 resource
2021-09-23 04:25:25,570 [Worker-39] INFO  o.e.m.c.i.embedder.EclipseLogger - Copying 0 resource
2021-09-23 04:25:25,575 [Worker-39] INFO  o.e.m.c.i.embedder.EclipseLogger - Using 'UTF-8' encoding to copy filtered resources.
2021-09-23 04:25:25,576 [Worker-39] INFO  o.e.m.c.i.embedder.EclipseLogger - Using 'UTF-8' encoding to copy filtered properties files.
2021-09-23 04:25:25,576 [Worker-39] INFO  o.e.m.c.i.embedder.EclipseLogger - skip non existing resourceDirectory C:\Users\Administrator\Desktop\Eureka\WebServices\src\test\resources
2021-09-23 04:25:41,980 [Worker-40] INFO  o.e.m.c.i.embedder.EclipseLogger - Using 'UTF-8' encoding to copy filtered resources.
2021-09-23 04:25:41,981 [Worker-40] INFO  o.e.m.c.i.embedder.EclipseLogger - Using 'UTF-8' encoding to copy filtered properties files.
2021-09-23 04:25:41,985 [Worker-40] INFO  o.e.m.c.i.embedder.EclipseLogger - Copying 1 resource
2021-09-23 04:25:42,002 [Worker-40] INFO  o.e.m.c.i.embedder.EclipseLogger - Copying 0 resource
2021-09-23 04:25:42,006 [Worker-40] INFO  o.e.m.c.i.embedder.EclipseLogger - Using 'UTF-8' encoding to copy filtered resources.
2021-09-23 04:25:42,006 [Worker-40] INFO  o.e.m.c.i.embedder.EclipseLogger - Using 'UTF-8' encoding to copy filtered properties files.
2021-09-23 04:25:42,006 [Worker-40] INFO  o.e.m.c.i.embedder.EclipseLogger - skip non existing resourceDirectory C:\Users\Administrator\Desktop\Eureka\WebServices\src\test\resources
2021-09-23 04:56:12,402 [Worker-43] INFO  o.e.m.c.i.l.LifecycleMappingFactory - Using org.eclipse.m2e.jdt.JarLifecycleMapping lifecycle mapping for MavenProject: Microservices:HelloService:0.0.1-SNAPSHOT @ C:\Users\Administrator\Desktop\Eureka\HelloService\HelloService\pom.xml.
2021-09-23 04:56:14,781 [Worker-43] INFO  o.e.m.j.i.AbstractJavaProjectConfigurator - Adding source folder /HelloService/src/main/java
2021-09-23 04:56:14,782 [Worker-43] INFO  o.e.m.j.i.AbstractJavaProjectConfigurator - Adding resource folder /HelloService/src/main/resources
2021-09-23 04:56:14,801 [Worker-43] INFO  o.e.m.j.i.AbstractJavaProjectConfigurator - Adding resource folder /HelloService/src/main/resources
2021-09-23 04:56:14,810 [Worker-43] INFO  o.e.m.j.i.AbstractJavaProjectConfigurator - Adding source folder /HelloService/src/test/java
2021-09-23 04:56:15,402 [Worker-43] INFO  o.e.m.c.i.p.ProjectConfigurationManager - Imported and configured 1 project(s) in 4 sec
2021-09-23 04:58:26,573 [Worker-42] INFO  o.e.m.c.i.embedder.EclipseLogger - Using 'UTF-8' encoding to copy filtered resources.
2021-09-23 04:58:26,574 [Worker-42] INFO  o.e.m.c.i.embedder.EclipseLogger - Using 'UTF-8' encoding to copy filtered properties files.
2021-09-23 04:58:26,574 [Worker-42] INFO  o.e.m.c.i.embedder.EclipseLogger - Copying 1 resource
2021-09-23 04:58:26,582 [Worker-42] INFO  o.e.m.c.i.embedder.EclipseLogger - Copying 0 resource
2021-09-23 04:58:26,585 [Worker-42] INFO  o.e.m.c.i.embedder.EclipseLogger - Using 'UTF-8' encoding to copy filtered resources.
2021-09-23 04:58:26,585 [Worker-42] INFO  o.e.m.c.i.embedder.EclipseLogger - Using 'UTF-8' encoding to copy filtered properties files.
2021-09-23 04:58:26,586 [Worker-42] INFO  o.e.m.c.i.embedder.EclipseLogger - skip non existing resourceDirectory C:\Users\Administrator\Desktop\Eureka\HelloService\HelloService\src\test\resources
2021-09-23 04:59:07,359 [Worker-47] INFO  o.e.m.c.i.embedder.EclipseLogger - Using 'UTF-8' encoding to copy filtered resources.
2021-09-23 04:59:07,359 [Worker-47] INFO  o.e.m.c.i.embedder.EclipseLogger - Using 'UTF-8' encoding to copy filtered properties files.
2021-09-23 04:59:07,360 [Worker-47] INFO  o.e.m.c.i.embedder.EclipseLogger - Copying 1 resource
2021-09-23 04:59:07,384 [Worker-47] INFO  o.e.m.c.i.embedder.EclipseLogger - Copying 0 resource
2021-09-23 04:59:07,390 [Worker-47] INFO  o.e.m.c.i.embedder.EclipseLogger - Using 'UTF-8' encoding to copy filtered resources.
2021-09-23 04:59:07,390 [Worker-47] INFO  o.e.m.c.i.embedder.EclipseLogger - Using 'UTF-8' encoding to copy filtered properties files.
2021-09-23 04:59:07,391 [Worker-47] INFO  o.e.m.c.i.embedder.EclipseLogger - skip non existing resourceDirectory C:\Users\Administrator\Desktop\Eureka\HelloService\HelloService\src\test\resources
2021-09-23 05:01:57,492 [Worker-48] INFO  o.e.m.c.i.l.LifecycleMappingFactory - Using org.eclipse.m2e.jdt.JarLifecycleMapping lifecycle mapping for MavenProject: Microservices:HelloService:0.0.1-SNAPSHOT @ C:\Users\Administrator\Desktop\Eureka\HelloService\HelloService\pom.xml.
2021-09-23 05:01:59,445 [Worker-48] INFO  o.e.m.c.i.embedder.EclipseLogger - Using 'UTF-8' encoding to copy filtered resources.
2021-09-23 05:01:59,446 [Worker-48] INFO  o.e.m.c.i.embedder.EclipseLogger - Using 'UTF-8' encoding to copy filtered properties files.
2021-09-23 05:01:59,447 [Worker-48] INFO  o.e.m.c.i.embedder.EclipseLogger - Copying 0 resource
2021-09-23 05:01:59,448 [Worker-48] INFO  o.e.m.c.i.embedder.EclipseLogger - Copying 0 resource
2021-09-23 05:01:59,456 [Worker-48] INFO  o.e.m.c.i.embedder.EclipseLogger - Using 'UTF-8' encoding to copy filtered resources.
